<?xml version="1.0" encoding="UTF-8" ?>
<testsuite tests="6" failures="0" name="testRunner.TestRun" time="182.773" errors="0" skipped="0">
  <properties>
[...]
</properties>
  <testcase classname="Customers" name="Add a new Customer" time="34.996"/>
  <testcase classname="Customers" name="Search Customer by EMailID" time="66.423"/>
  <testcase classname="Customers" name="Search Customer by Name" time="20.862"/>
  <testcase classname="Login" name="Successful Login with Valid Credentials" time="20.321"/>
  <testcase classname="Login" name="Login Data Driven" time="20.937"/>
  <testcase classname="Login" name="Login Data Driven" time="19.234"/>
</testsuite>