<?xml version="1.0" encoding="UTF-8" ?>
<testsuite tests="6" failures="0" name="testRunner.TestRun" time="132.253" errors="0" skipped="0">
  <properties>
[...]
</properties>
  <testcase classname="Customers" name="Add a new Customer" time="37.681"/>
  <testcase classname="Customers" name="Search Customer by EMailID" time="18.601"/>
  <testcase classname="Customers" name="Search Customer by Name" time="19.56"/>
  <testcase classname="Login" name="Successful Login with Valid Credentials" time="18.959"/>
  <testcase classname="Login" name="Login Data Driven" time="18.939"/>
  <testcase classname="Login" name="Login Data Driven" time="18.513"/>
</testsuite>