<?xml version="1.0" encoding="UTF-8" ?>
<testsuite tests="6" failures="0" name="testRunner.TestRun" time="119.376" errors="1" skipped="0">
  <properties>
[...]
</properties>
  <testcase classname="Customers" name="Add a new Customer" time="19.765">
    <error message="no such element: Unable to locate element: {&quot;method&quot;:&quot;xpath&quot;,&quot;selector&quot;:&quot;//*[@id=&quot;SelectedCustomerRoleIds_taglist&quot;]/li/span[3]&quot;}
  (Session info: chrome=126.0.6478.63)
For documentation on this error, please visit: https://www.seleniumhq.org/exceptions/no_such_element.html
Build info: version: &apos;3.141.59&apos;, revision: &apos;e82be7d358&apos;, time: &apos;2018-11-14T08:17:03&apos;
System info: host: &apos;SHRAVAN&apos;, ip: &apos;192.168.0.110&apos;, os.name: &apos;Windows 10&apos;, os.arch: &apos;amd64&apos;, os.version: &apos;10.0&apos;, java.version: &apos;11.0.12&apos;
Driver info: org.openqa.selenium.chrome.ChromeDriver
Capabilities {acceptInsecureCerts: false, browserName: chrome, browserVersion: 126.0.6478.63, chrome: {chromedriverVersion: 126.0.6478.126 (d36ace6122e..., userDataDir: C:\Users\shrav\AppData\Loca...}, fedcm:accounts: true, goog:chromeOptions: {debuggerAddress: localhost:59060}, javascriptEnabled: true, networkConnectionEnabled: false, pageLoadStrategy: normal, platform: WINDOWS, platformName: WINDOWS, proxy: Proxy(), setWindowRect: true, strictFileInteractability: false, timeouts: {implicit: 0, pageLoad: 300000, script: 30000}, unhandledPromptBehavior: dismiss and notify, webauthn:extension:credBlob: true, webauthn:extension:largeBlob: true, webauthn:extension:minPinLength: true, webauthn:extension:prf: true, webauthn:virtualAuthenticators: true}
Session ID: 686c7dcee104687bf69029d57dd0f0e9
*** Element info: {Using=xpath, value=//*[@id=&quot;SelectedCustomerRoleIds_taglist&quot;]/li/span[3]}" type="org.openqa.selenium.NoSuchElementException">org.openqa.selenium.NoSuchElementException: no such element: Unable to locate element: {&quot;method&quot;:&quot;xpath&quot;,&quot;selector&quot;:&quot;//*[@id=&quot;SelectedCustomerRoleIds_taglist&quot;]/li/span[3]&quot;}
  (Session info: chrome=126.0.6478.63)
For documentation on this error, please visit: https://www.seleniumhq.org/exceptions/no_such_element.html
Build info: version: &apos;3.141.59&apos;, revision: &apos;e82be7d358&apos;, time: &apos;2018-11-14T08:17:03&apos;
System info: host: &apos;SHRAVAN&apos;, ip: &apos;192.168.0.110&apos;, os.name: &apos;Windows 10&apos;, os.arch: &apos;amd64&apos;, os.version: &apos;10.0&apos;, java.version: &apos;11.0.12&apos;
Driver info: org.openqa.selenium.chrome.ChromeDriver
Capabilities {acceptInsecureCerts: false, browserName: chrome, browserVersion: 126.0.6478.63, chrome: {chromedriverVersion: 126.0.6478.126 (d36ace6122e..., userDataDir: C:\Users\shrav\AppData\Loca...}, fedcm:accounts: true, goog:chromeOptions: {debuggerAddress: localhost:59060}, javascriptEnabled: true, networkConnectionEnabled: false, pageLoadStrategy: normal, platform: WINDOWS, platformName: WINDOWS, proxy: Proxy(), setWindowRect: true, strictFileInteractability: false, timeouts: {implicit: 0, pageLoad: 300000, script: 30000}, unhandledPromptBehavior: dismiss and notify, webauthn:extension:credBlob: true, webauthn:extension:largeBlob: true, webauthn:extension:minPinLength: true, webauthn:extension:prf: true, webauthn:virtualAuthenticators: true}
Session ID: 686c7dcee104687bf69029d57dd0f0e9
*** Element info: {Using=xpath, value=//*[@id=&quot;SelectedCustomerRoleIds_taglist&quot;]/li/span[3]}
	at java.base/jdk.internal.reflect.NativeConstructorAccessorImpl.newInstance0(Native Method)
	at java.base/jdk.internal.reflect.NativeConstructorAccessorImpl.newInstance(NativeConstructorAccessorImpl.java:62)
	at java.base/jdk.internal.reflect.DelegatingConstructorAccessorImpl.newInstance(DelegatingConstructorAccessorImpl.java:45)
	at java.base/java.lang.reflect.Constructor.newInstance(Constructor.java:490)
	at org.openqa.selenium.remote.http.W3CHttpResponseCodec.createException(W3CHttpResponseCodec.java:187)
	at org.openqa.selenium.remote.http.W3CHttpResponseCodec.decode(W3CHttpResponseCodec.java:122)
	at org.openqa.selenium.remote.http.W3CHttpResponseCodec.decode(W3CHttpResponseCodec.java:49)
	at org.openqa.selenium.remote.HttpCommandExecutor.execute(HttpCommandExecutor.java:158)
	at org.openqa.selenium.remote.service.DriverCommandExecutor.execute(DriverCommandExecutor.java:83)
	at org.openqa.selenium.remote.RemoteWebDriver.execute(RemoteWebDriver.java:552)
	at org.openqa.selenium.remote.RemoteWebDriver.findElement(RemoteWebDriver.java:323)
	at org.openqa.selenium.remote.RemoteWebDriver.findElementByXPath(RemoteWebDriver.java:428)
	at org.openqa.selenium.By$ByXPath.findElement(By.java:353)
	at org.openqa.selenium.remote.RemoteWebDriver.findElement(RemoteWebDriver.java:315)
	at pageObjects.AddcustomerPage.setCustomerRoles(AddcustomerPage.java:87)
	at stepDefinitions.Steps.user_enter_customer_information(Steps.java:158)
	at ✽.User enter customer info(file:Features/Customers.feature:17)
</error>
    <system-out> INFO [main] (Steps.java:56)- *******Launching browser********
 INFO [main] (Steps.java:67)- *******Opening URL********
 INFO [main] (Steps.java:75)- *******Providing login details********
 INFO [main] (Steps.java:83)- *******Started login********
 INFO [main] (Steps.java:150)- *******Adding new customer********
 INFO [main] (Steps.java:151)- *******Providing customer details********
</system-out>
    <system-err>Jul 03, 2024 11:49:18 PM cucumber.runtime.filter.TagExpressionOld isOldTagExpression
WARNING: Found tags option &apos;@sanity, @regression&apos;. Support for &apos;@tag1,@tag2&apos; will be removed from the next release of Cucumber-JVM. Please use &apos;@tag or @tag2&apos; instead
Starting ChromeDriver 126.0.6478.126 (d36ace6122e0a59570e258d82441395206d60e1c-refs/branch-heads/6478@{#1591}) on port 44810
Only local connections are allowed.
Please see https://chromedriver.chromium.org/security-considerations for suggestions on keeping ChromeDriver safe.
ChromeDriver was started successfully.
Jul 03, 2024 11:49:20 PM org.openqa.selenium.remote.ProtocolHandshake createSession
INFO: Detected dialect: W3C
</system-err>
  </testcase>
  <testcase classname="Customers" name="Search Customer by EMailID" time="19.755"/>
  <testcase classname="Customers" name="Search Customer by Name" time="20.087"/>
  <testcase classname="Login" name="Successful Login with Valid Credentials" time="19.766"/>
  <testcase classname="Login" name="Login Data Driven" time="19.877"/>
  <testcase classname="Login" name="Login Data Driven" time="20.126"/>
</testsuite>